Android/app/build/intermediates/manifest_merge_blame_file/debug/processDebugMainManifest/manifest-merger-blame-debug-report.txt
1<?xml version="1.0" encoding="utf-8"?>
2<manifest xmlns:android="http://schemas.android.com/apk/res/android"
3    package="com.studybro.app"
4    android:versionCode="1"
5    android:versionName="1.0" >
6
7    <uses-sdk
8        android:minSdkVersion="24"
9        android:targetSdkVersion="35" />
10
11    <uses-permission android:name="android.permission.INTERNET" />
11-->src/main/AndroidManifest.xml:2:5-67
11-->src/main/AndroidManifest.xml:2:22-64
12    <uses-permission android:name="android.permission.POST_NOTIFICATIONS" />
12-->src/main/AndroidManifest.xml:3:5-77
12-->src/main/AndroidManifest.xml:3:22-74
13    <uses-permission android:name="android.permission.FOREGROUND_SERVICE" />
13-->src/main/AndroidManifest.xml:4:5-77
13-->src/main/AndroidManifest.xml:4:22-74
14    <!-- See https://developer.android.com/training/package-visibility/declaring for more details. -->
15    <queries>
15-->[com.stripe:payments-core:20.44.2] AndroidManifest.xml:8:5-12:15
16
17        <!-- Added to check if Chrome is installed for browser-based payment authentication (e.g. 3DS1). -->
18        <package android:name="com.android.chrome" />
18-->[com.stripe:payments-core:20.44.2] AndroidManifest.xml:11:9-54
18-->[com.stripe:payments-core:20.44.2] AndroidManifest.xml:11:18-51
19        <!-- Needs to be explicitly declared on Android R+ -->
20        <package android:name="com.google.android.apps.maps" />
20-->[com.google.android.gms:play-services-maps:18.0.2] AndroidManifest.xml:33:9-64
20-->[com.google.android.gms:play-services-maps:18.0.2] AndroidManifest.xml:33:18-61
21    </queries>
22
23    <uses-permission android:name="android.permission.ACCESS_NETWORK_STATE" />
23-->[com.google.firebase:firebase-auth:24.0.1] AndroidManifest.xml:26:5-79
23-->[com.google.firebase:firebase-auth:24.0.1] AndroidManifest.xml:26:22-76
24    <uses-permission android:name="android.permission.WAKE_LOCK" /> <!-- Required by older versions of Google Play services to create IID tokens -->
24-->[com.google.firebase:firebase-messaging:25.0.0] AndroidManifest.xml:24:5-68
24-->[com.google.firebase:firebase-messaging:25.0.0] AndroidManifest.xml:24:22-65
25    <uses-permission android:name="com.google.android.c2dm.permission.RECEIVE" />
25-->[com.google.firebase:firebase-messaging:25.0.0] AndroidManifest.xml:26:5-82
25-->[com.google.firebase:firebase-messaging:25.0.0] AndroidManifest.xml:26:22-79
26    <uses-permission android:name="com.google.android.providers.gsf.permission.READ_GSERVICES" />
26-->[com.google.android.recaptcha:recaptcha:18.6.1] AndroidManifest.xml:9:5-98
26-->[com.google.android.recaptcha:recaptcha:18.6.1] AndroidManifest.xml:9:22-95
27    <uses-permission android:name="com.google.android.gms.permission.AD_ID" />
27-->[com.google.android.gms:play-services-measurement-api:23.0.0] AndroidManifest.xml:25:5-79
27-->[com.google.android.gms:play-services-measurement-api:23.0.0] AndroidManifest.xml:25:22-76
28    <uses-permission android:name="android.permission.ACCESS_ADSERVICES_ATTRIBUTION" />
28-->[com.google.android.gms:play-services-measurement-api:23.0.0] AndroidManifest.xml:26:5-88
28-->[com.google.android.gms:play-services-measurement-api:23.0.0] AndroidManifest.xml:26:22-85
29    <uses-permission android:name="android.permission.ACCESS_ADSERVICES_AD_ID" />
29-->[com.google.android.gms:play-services-measurement-api:23.0.0] AndroidManifest.xml:27:5-82
29-->[com.google.android.gms:play-services-measurement-api:23.0.0] AndroidManifest.xml:27:22-79
30    <uses-permission android:name="com.google.android.finsky.permission.BIND_GET_INSTALL_REFERRER_SERVICE" />
30-->[com.google.android.gms:play-services-measurement:23.0.0] AndroidManifest.xml:26:5-110
30-->[com.google.android.gms:play-services-measurement:23.0.0] AndroidManifest.xml:26:22-107
31    <uses-permission android:name="android.permission.RECEIVE_BOOT_COMPLETED" />
31-->[androidx.work:work-runtime:2.9.0] AndroidManifest.xml:25:5-81
31-->[androidx.work:work-runtime:2.9.0] AndroidManifest.xml:25:22-78
32
33    <uses-feature
33-->[com.google.android.gms:play-services-maps:18.0.2] AndroidManifest.xml:26:5-28:35
34        android:glEsVersion="0x00020000"
34-->[com.google.android.gms:play-services-maps:18.0.2] AndroidManifest.xml:27:9-41
35        android:required="true" />
35-->[com.google.android.gms:play-services-maps:18.0.2] AndroidManifest.xml:28:9-32
36
37    <permission
37-->[androidx.core:core:1.13.0] AndroidManifest.xml:22:5-24:47
38        android:name="com.studybro.app.DYNAMIC_RECEIVER_NOT_EXPORTED_PERMISSION"
38-->[androidx.core:core:1.13.0] AndroidManifest.xml:23:9-81
39        android:protectionLevel="signature" />
39-->[androidx.core:core:1.13.0] AndroidManifest.xml:24:9-44
40
41    <uses-permission android:name="com.studybro.app.DYNAMIC_RECEIVER_NOT_EXPORTED_PERMISSION" />
41-->[androidx.core:core:1.13.0] AndroidManifest.xml:26:5-97
41-->[androidx.core:core:1.13.0] AndroidManifest.xml:26:22-94
42
43    <application
43-->src/main/AndroidManifest.xml:6:5-25:19
44        android:name="com.studybro.app.StudyBroApp"
44-->src/main/AndroidManifest.xml:7:9-36
45        android:allowBackup="true"
45-->src/main/AndroidManifest.xml:8:9-35
46        android:appComponentFactory="androidx.core.app.CoreComponentFactory"
46-->[androidx.core:core:1.13.0] AndroidManifest.xml:28:18-86
47        android:debuggable="true"
48        android:extractNativeLibs="false"
49        android:testOnly="true"
50        android:usesCleartextTraffic="false" >
50-->src/main/AndroidManifest.xml:9:9-45
51        <activity
51-->src/main/AndroidManifest.xml:10:9-17:20
52            android:name="com.studybro.app.MainActivity"
52-->src/main/AndroidManifest.xml:11:13-41
53            android:exported="true" >
53-->src/main/AndroidManifest.xml:12:13-36
54            <intent-filter>
54-->src/main/AndroidManifest.xml:13:13-16:29
55                <action android:name="android.intent.action.MAIN" />
55-->src/main/AndroidManifest.xml:14:17-69
55-->src/main/AndroidManifest.xml:14:25-66
56
57                <category android:name="android.intent.category.LAUNCHER" />
57-->src/main/AndroidManifest.xml:15:17-77
57-->src/main/AndroidManifest.xml:15:27-74
58            </intent-filter>
59        </activity>
60
61        <service
61-->src/main/AndroidManifest.xml:18:9-24:19
62            android:name="com.studybro.app.notifications.StudyBroMessagingService"
62-->src/main/AndroidManifest.xml:19:13-67
63            android:exported="false" >
63-->src/main/AndroidManifest.xml:20:13-37
64            <intent-filter>
64-->src/main/AndroidManifest.xml:21:13-23:29
65                <action android:name="com.google.firebase.MESSAGING_EVENT" />
65-->src/main/AndroidManifest.xml:22:17-78
65-->src/main/AndroidManifest.xml:22:25-75
66            </intent-filter>
67        </service>
68
69        <activity
69-->[com.stripe:paymentsheet:20.44.2] AndroidManifest.xml:8:9-12:58
70            android:name="com.stripe.android.paymentsheet.PaymentSheetActivity"
70-->[com.stripe:paymentsheet:20.44.2] AndroidManifest.xml:9:13-80
71            android:exported="false"
71-->[com.stripe:paymentsheet:20.44.2] AndroidManifest.xml:10:13-37
72            android:theme="@style/StripePaymentSheetDefaultTheme"
72-->[com.stripe:paymentsheet:20.44.2] AndroidManifest.xml:11:13-66
73            android:windowSoftInputMode="adjustResize" />
73-->[com.stripe:paymentsheet:20.44.2] AndroidManifest.xml:12:13-55
74        <activity
74-->[com.stripe:paymentsheet:20.44.2] AndroidManifest.xml:13:9-17:58
75            android:name="com.stripe.android.paymentsheet.PaymentOptionsActivity"
75-->[com.stripe:paymentsheet:20.44.2] AndroidManifest.xml:14:13-82
76            android:exported="false"
76-->[com.stripe:paymentsheet:20.44.2] AndroidManifest.xml:15:13-37
77            android:theme="@style/StripePaymentSheetDefaultTheme"
77-->[com.stripe:paymentsheet:20.44.2] AndroidManifest.xml:16:13-66
78            android:windowSoftInputMode="adjustResize" />
78-->[com.stripe:paymentsheet:20.44.2] AndroidManifest.xml:17:13-55
79        <activity
79-->[com.stripe:paymentsheet:20.44.2] AndroidManifest.xml:18:9-22:58
80            android:name="com.stripe.android.customersheet.CustomerSheetActivity"
80-->[com.stripe:paymentsheet:20.44.2] AndroidManifest.xml:19:13-82
81            android:exported="false"
81-->[com.stripe:paymentsheet:20.44.2] AndroidManifest.xml:20:13-37
82            android:theme="@style/StripePaymentSheetDefaultTheme"
82-->[com.stripe:paymentsheet:20.44.2] AndroidManifest.xml:21:13-66
83            android:windowSoftInputMode="adjustResize" />
83-->[com.stripe:paymentsheet:20.44.2] AndroidManifest.xml:22:13-55
84        <activity
84-->[com.stripe:paymentsheet:20.44.2] AndroidManifest.xml:23:9-27:58
85            android:name="com.stripe.android.paymentsheet.addresselement.AddressElementActivity"
85-->[com.stripe:paymentsheet:20.44.2] AndroidManifest.xml:24:13-97
86            android:exported="false"
86-->[com.stripe:paymentsheet:20.44.2] AndroidManifest.xml:25:13-37
87            android:theme="@style/StripePaymentSheetDefaultTheme"
87-->[com.stripe:paymentsheet:20.44.2] AndroidManifest.xml:26:13-66
88            android:windowSoftInputMode="adjustResize" />
88-->[com.stripe:paymentsheet:20.44.2] AndroidManifest.xml:27:13-55
89        <activity
89-->[com.stripe:paymentsheet:20.44.2] AndroidManifest.xml:28:9-31:69
90            android:name="com.stripe.android.paymentsheet.paymentdatacollection.bacs.BacsMandateConfirmationActivity"
90-->[com.stripe:paymentsheet:20.44.2] AndroidManifest.xml:29:13-118
91            android:exported="false"
91-->[com.stripe:paymentsheet:20.44.2] AndroidManifest.xml:30:13-37
92            android:theme="@style/StripePaymentSheetDefaultTheme" />
92-->[com.stripe:paymentsheet:20.44.2] AndroidManifest.xml:31:13-66
93        <activity
93-->[com.stripe:paymentsheet:20.44.2] AndroidManifest.xml:32:9-35:69
94            android:name="com.stripe.android.paymentsheet.paymentdatacollection.polling.PollingActivity"
94-->[com.stripe:paymentsheet:20.44.2] AndroidManifest.xml:33:13-105
95            android:exported="false"
95-->[com.stripe:paymentsheet:20.44.2] AndroidManifest.xml:34:13-37
96            android:theme="@style/StripePaymentSheetDefaultTheme" />
96-->[com.stripe:paymentsheet:20.44.2] AndroidManifest.xml:35:13-66
97        <activity
97-->[com.stripe:paymentsheet:20.44.2] AndroidManifest.xml:36:9-39:69
98            android:name="com.stripe.android.paymentsheet.ui.SepaMandateActivity"
98-->[com.stripe:paymentsheet:20.44.2] AndroidManifest.xml:37:13-82
99            android:exported="false"
99-->[com.stripe:paymentsheet:20.44.2] AndroidManifest.xml:38:13-37
100            android:theme="@style/StripePaymentSheetDefaultTheme" />
100-->[com.stripe:paymentsheet:20.44.2] AndroidManifest.xml:39:13-66
101        <activity
101-->[com.stripe:paymentsheet:20.44.2] AndroidManifest.xml:40:9-43:68
102            android:name="com.stripe.android.paymentsheet.ExternalPaymentMethodProxyActivity"
102-->[com.stripe:paymentsheet:20.44.2] AndroidManifest.xml:41:13-94
103            android:exported="false"
103-->[com.stripe:paymentsheet:20.44.2] AndroidManifest.xml:42:13-37
104            android:theme="@style/StripePayLauncherDefaultTheme" />
104-->[com.stripe:paymentsheet:20.44.2] AndroidManifest.xml:43:13-65
105        <activity
105-->[com.stripe:paymentsheet:20.44.2] AndroidManifest.xml:44:9-47:58
106            android:name="com.stripe.android.paymentsheet.paymentdatacollection.cvcrecollection.CvcRecollectionActivity"
106-->[com.stripe:paymentsheet:20.44.2] AndroidManifest.xml:45:13-121
107            android:theme="@style/StripePaymentSheetDefaultTheme"
107-->[com.stripe:paymentsheet:20.44.2] AndroidManifest.xml:46:13-66
108            android:windowSoftInputMode="adjustResize" />
108-->[com.stripe:paymentsheet:20.44.2] AndroidManifest.xml:47:13-55
109        <activity
109-->[com.stripe:link:20.44.2] AndroidManifest.xml:8:9-13:61
110            android:name="com.stripe.android.link.LinkForegroundActivity"
110-->[com.stripe:link:20.44.2] AndroidManifest.xml:9:13-74
111            android:autoRemoveFromRecents="true"
111-->[com.stripe:link:20.44.2] AndroidManifest.xml:10:13-49
112            android:configChanges="orientation|keyboard|keyboardHidden|screenLayout|screenSize|smallestScreenSize"
112-->[com.stripe:link:20.44.2] AndroidManifest.xml:11:13-115
113            android:launchMode="singleTop"
113-->[com.stripe:link:20.44.2] AndroidManifest.xml:12:13-43
114            android:theme="@style/StripeTransparentTheme" />
114-->[com.stripe:link:20.44.2] AndroidManifest.xml:13:13-58
115        <activity
115-->[com.stripe:link:20.44.2] AndroidManifest.xml:14:9-31:20
116            android:name="com.stripe.android.link.LinkRedirectHandlerActivity"
116-->[com.stripe:link:20.44.2] AndroidManifest.xml:15:13-79
117            android:autoRemoveFromRecents="true"
117-->[com.stripe:link:20.44.2] AndroidManifest.xml:16:13-49
118            android:exported="true"
118-->[com.stripe:link:20.44.2] AndroidManifest.xml:17:13-36
119            android:launchMode="singleInstance"
119-->[com.stripe:link:20.44.2] AndroidManifest.xml:18:13-48
120            android:theme="@style/StripeTransparentTheme" >
120-->[com.stripe:link:20.44.2] AndroidManifest.xml:19:13-58
121            <intent-filter>
121-->[com.stripe:link:20.44.2] AndroidManifest.xml:20:13-30:29
122                <action android:name="android.intent.action.VIEW" />
122-->[com.stripe:link:20.44.2] AndroidManifest.xml:21:17-69
122-->[com.stripe:link:20.44.2] AndroidManifest.xml:21:25-66
123
124                <category android:name="android.intent.category.DEFAULT" />
124-->[com.stripe:link:20.44.2] AndroidManifest.xml:23:17-76
124-->[com.stripe:link:20.44.2] AndroidManifest.xml:23:27-73
125                <category android:name="android.intent.category.BROWSABLE" />
125-->[com.stripe:link:20.44.2] AndroidManifest.xml:24:17-78
125-->[com.stripe:link:20.44.2] AndroidManifest.xml:24:27-75
126
127                <data
127-->[com.stripe:link:20.44.2] AndroidManifest.xml:26:17-29:51
128                    android:host="complete"
128-->[com.stripe:link:20.44.2] AndroidManifest.xml:27:21-44
129                    android:path="/com.studybro.app"
129-->[com.stripe:link:20.44.2] AndroidManifest.xml:28:21-53
130                    android:scheme="link-popup" />
130-->[com.stripe:link:20.44.2] AndroidManifest.xml:29:21-48
131            </intent-filter>
132        </activity>
133        <activity
133-->[com.stripe:payments-ui-core:20.44.2] AndroidManifest.xml:8:9-11:69
134            android:name="com.stripe.android.ui.core.cardscan.CardScanActivity"
134-->[com.stripe:payments-ui-core:20.44.2] AndroidManifest.xml:9:13-80
135            android:exported="false"
135-->[com.stripe:payments-ui-core:20.44.2] AndroidManifest.xml:10:13-37
136            android:theme="@style/StripePaymentSheetDefaultTheme" />
136-->[com.stripe:payments-ui-core:20.44.2] AndroidManifest.xml:11:13-66
137        <activity
137-->[com.stripe:payments-core:20.44.2] AndroidManifest.xml:15:9-18:57
138            android:name="com.stripe.android.view.AddPaymentMethodActivity"
138-->[com.stripe:payments-core:20.44.2] AndroidManifest.xml:16:13-76
139            android:exported="false"
139-->[com.stripe:payments-core:20.44.2] AndroidManifest.xml:17:13-37
140            android:theme="@style/StripeDefaultTheme" />
140-->[com.stripe:payments-core:20.44.2] AndroidManifest.xml:18:13-54
141        <activity
141-->[com.stripe:payments-core:20.44.2] AndroidManifest.xml:19:9-22:57
142            android:name="com.stripe.android.view.PaymentMethodsActivity"
142-->[com.stripe:payments-core:20.44.2] AndroidManifest.xml:20:13-74
143            android:exported="false"
143-->[com.stripe:payments-core:20.44.2] AndroidManifest.xml:21:13-37
144            android:theme="@style/StripeDefaultTheme" />
144-->[com.stripe:payments-core:20.44.2] AndroidManifest.xml:22:13-54
145        <activity
145-->[com.stripe:payments-core:20.44.2] AndroidManifest.xml:23:9-26:57
146            android:name="com.stripe.android.view.PaymentFlowActivity"
146-->[com.stripe:payments-core:20.44.2] AndroidManifest.xml:24:13-71
147            android:exported="false"
147-->[com.stripe:payments-core:20.44.2] AndroidManifest.xml:25:13-37
148            android:theme="@style/StripeDefaultTheme" />
148-->[com.stripe:payments-core:20.44.2] AndroidManifest.xml:26:13-54
149        <activity
149-->[com.stripe:payments-core:20.44.2] AndroidManifest.xml:27:9-31:58
150            android:name="com.stripe.android.view.PaymentAuthWebViewActivity"
150-->[com.stripe:payments-core:20.44.2] AndroidManifest.xml:28:13-78
151            android:exported="false"
151-->[com.stripe:payments-core:20.44.2] AndroidManifest.xml:29:13-37
152            android:theme="@style/StripeDefaultTheme"
152-->[com.stripe:payments-core:20.44.2] AndroidManifest.xml:30:13-54
153            android:windowSoftInputMode="adjustResize" />
153-->[com.stripe:payments-core:20.44.2] AndroidManifest.xml:31:13-55
154        <activity
154-->[com.stripe:payments-core:20.44.2] AndroidManifest.xml:32:9-35:61
155            android:name="com.stripe.android.view.PaymentRelayActivity"
155-->[com.stripe:payments-core:20.44.2] AndroidManifest.xml:33:13-72
156            android:exported="false"
156-->[com.stripe:payments-core:20.44.2] AndroidManifest.xml:34:13-37
157            android:theme="@style/StripeTransparentTheme" />
157-->[com.stripe:payments-core:20.44.2] AndroidManifest.xml:35:13-58
158        <!--
159        Set android:launchMode="singleTop" so that the StripeBrowserLauncherActivity instance that
160        launched the browser Activity will also handle the return URL deep link.
161        -->
162        <activity
162-->[com.stripe:payments-core:20.44.2] AndroidManifest.xml:41:9-45:61
163            android:name="com.stripe.android.payments.StripeBrowserLauncherActivity"
163-->[com.stripe:payments-core:20.44.2] AndroidManifest.xml:42:13-85
164            android:exported="false"
164-->[com.stripe:payments-core:20.44.2] AndroidManifest.xml:43:13-37
165            android:launchMode="singleTask"
165-->[com.stripe:payments-core:20.44.2] AndroidManifest.xml:44:13-44
166            android:theme="@style/StripeTransparentTheme" />
166-->[com.stripe:payments-core:20.44.2] AndroidManifest.xml:45:13-58
167        <activity
167-->[com.stripe:payments-core:20.44.2] AndroidManifest.xml:46:9-63:20
168            android:name="com.stripe.android.payments.StripeBrowserProxyReturnActivity"
168-->[com.stripe:payments-core:20.44.2] AndroidManifest.xml:47:13-88
169            android:exported="true"
169-->[com.stripe:payments-core:20.44.2] AndroidManifest.xml:48:13-36
170            android:launchMode="singleTask"
170-->[com.stripe:payments-core:20.44.2] AndroidManifest.xml:49:13-44
171            android:theme="@style/StripeTransparentTheme" >
171-->[com.stripe:payments-core:20.44.2] AndroidManifest.xml:50:13-58
172            <intent-filter>
172-->[com.stripe:payments-core:20.44.2] AndroidManifest.xml:51:13-62:29
173                <action android:name="android.intent.action.VIEW" />
173-->[com.stripe:link:20.44.2] AndroidManifest.xml:21:17-69
173-->[com.stripe:link:20.44.2] AndroidManifest.xml:21:25-66
174
175                <category android:name="android.intent.category.DEFAULT" />
175-->[com.stripe:link:20.44.2] AndroidManifest.xml:23:17-76
175-->[com.stripe:link:20.44.2] AndroidManifest.xml:23:27-73
176                <category android:name="android.intent.category.BROWSABLE" />
176-->[com.stripe:link:20.44.2] AndroidManifest.xml:24:17-78
176-->[com.stripe:link:20.44.2] AndroidManifest.xml:24:27-75
177
178                <!-- Must match `DefaultReturnUrl#value`. -->
179                <data
179-->[com.stripe:link:20.44.2] AndroidManifest.xml:26:17-29:51
180                    android:host="payment_return_url"
180-->[com.stripe:link:20.44.2] AndroidManifest.xml:27:21-44
181                    android:path="/com.studybro.app"
181-->[com.stripe:link:20.44.2] AndroidManifest.xml:28:21-53
182                    android:scheme="stripesdk" />
182-->[com.stripe:link:20.44.2] AndroidManifest.xml:29:21-48
183            </intent-filter>
184        </activity>
185        <activity
185-->[com.stripe:payments-core:20.44.2] AndroidManifest.xml:64:9-67:57
186            android:name="com.stripe.android.payments.core.authentication.threeds2.Stripe3ds2TransactionActivity"
186-->[com.stripe:payments-core:20.44.2] AndroidManifest.xml:65:13-114
187            android:exported="false"
187-->[com.stripe:payments-core:20.44.2] AndroidManifest.xml:66:13-37
188            android:theme="@style/StripeDefaultTheme" />
188-->[com.stripe:payments-core:20.44.2] AndroidManifest.xml:67:13-54
189        <activity
189-->[com.stripe:payments-core:20.44.2] AndroidManifest.xml:68:9-71:66
190            android:name="com.stripe.android.googlepaylauncher.GooglePayLauncherActivity"
190-->[com.stripe:payments-core:20.44.2] AndroidManifest.xml:69:13-90
191            android:exported="false"
191-->[com.stripe:payments-core:20.44.2] AndroidManifest.xml:70:13-37
192            android:theme="@style/StripeGooglePayDefaultTheme" />
192-->[com.stripe:payments-core:20.44.2] AndroidManifest.xml:71:13-63
193        <activity
193-->[com.stripe:payments-core:20.44.2] AndroidManifest.xml:72:9-75:66
194            android:name="com.stripe.android.googlepaylauncher.GooglePayPaymentMethodLauncherActivity"
194-->[com.stripe:payments-core:20.44.2] AndroidManifest.xml:73:13-103
195            android:exported="false"
195-->[com.stripe:payments-core:20.44.2] AndroidManifest.xml:74:13-37
196            android:theme="@style/StripeGooglePayDefaultTheme" />
196-->[com.stripe:payments-core:20.44.2] AndroidManifest.xml:75:13-63
197        <activity
197-->[com.stripe:payments-core:20.44.2] AndroidManifest.xml:76:9-79:68
198            android:name="com.stripe.android.payments.paymentlauncher.PaymentLauncherConfirmationActivity"
198-->[com.stripe:payments-core:20.44.2] AndroidManifest.xml:77:13-107
199            android:exported="false"
199-->[com.stripe:payments-core:20.44.2] AndroidManifest.xml:78:13-37
200            android:theme="@style/StripePayLauncherDefaultTheme" />
200-->[com.stripe:payments-core:20.44.2] AndroidManifest.xml:79:13-65
201        <activity
201-->[com.stripe:payments-core:20.44.2] AndroidManifest.xml:80:9-83:61
202            android:name="com.stripe.android.payments.bankaccount.ui.CollectBankAccountActivity"
202-->[com.stripe:payments-core:20.44.2] AndroidManifest.xml:81:13-97
203            android:exported="false"
203-->[com.stripe:payments-core:20.44.2] AndroidManifest.xml:82:13-37
204            android:theme="@style/StripeTransparentTheme" />
204-->[com.stripe:payments-core:20.44.2] AndroidManifest.xml:83:13-58
205        <activity
205-->[com.stripe:stripe-3ds2-android:6.1.8] AndroidManifest.xml:8:9-11:54
206            android:name="com.stripe.android.stripe3ds2.views.ChallengeActivity"
206-->[com.stripe:stripe-3ds2-android:6.1.8] AndroidManifest.xml:9:13-81
207            android:exported="false"
207-->[com.stripe:stripe-3ds2-android:6.1.8] AndroidManifest.xml:10:13-37
208            android:theme="@style/Stripe3DS2Theme" />
208-->[com.stripe:stripe-3ds2-android:6.1.8] AndroidManifest.xml:11:13-51
209        <activity
209-->[com.google.firebase:firebase-auth:24.0.1] AndroidManifest.xml:29:9-46:20
210            android:name="com.google.firebase.auth.internal.GenericIdpActivity"
210-->[com.google.firebase:firebase-auth:24.0.1] AndroidManifest.xml:30:13-80
211            android:excludeFromRecents="true"
211-->[com.google.firebase:firebase-auth:24.0.1] AndroidManifest.xml:31:13-46
212            android:exported="true"
212-->[com.google.firebase:firebase-auth:24.0.1] AndroidManifest.xml:32:13-36
213            android:launchMode="singleTask"
213-->[com.google.firebase:firebase-auth:24.0.1] AndroidManifest.xml:33:13-44
214            android:theme="@android:style/Theme.Translucent.NoTitleBar" >
214-->[com.google.firebase:firebase-auth:24.0.1] AndroidManifest.xml:34:13-72
215            <intent-filter>
215-->[com.google.firebase:firebase-auth:24.0.1] AndroidManifest.xml:35:13-45:29
216                <action android:name="android.intent.action.VIEW" />
216-->[com.stripe:link:20.44.2] AndroidManifest.xml:21:17-69
216-->[com.stripe:link:20.44.2] AndroidManifest.xml:21:25-66
217
218                <category android:name="android.intent.category.DEFAULT" />
218-->[com.stripe:link:20.44.2] AndroidManifest.xml:23:17-76
218-->[com.stripe:link:20.44.2] AndroidManifest.xml:23:27-73
219                <category android:name="android.intent.category.BROWSABLE" />
219-->[com.stripe:link:20.44.2] AndroidManifest.xml:24:17-78
219-->[com.stripe:link:20.44.2] AndroidManifest.xml:24:27-75
220
221                <data
221-->[com.stripe:link:20.44.2] AndroidManifest.xml:26:17-29:51
222                    android:host="firebase.auth"
222-->[com.stripe:link:20.44.2] AndroidManifest.xml:27:21-44
223                    android:path="/"
223-->[com.stripe:link:20.44.2] AndroidManifest.xml:28:21-53
224                    android:scheme="genericidp" />
224-->[com.stripe:link:20.44.2] AndroidManifest.xml:29:21-48
225            </intent-filter>
226        </activity>
227        <activity
227-->[com.google.firebase:firebase-auth:24.0.1] AndroidManifest.xml:47:9-64:20
228            android:name="com.google.firebase.auth.internal.RecaptchaActivity"
228-->[com.google.firebase:firebase-auth:24.0.1] AndroidManifest.xml:48:13-79
229            android:excludeFromRecents="true"
229-->[com.google.firebase:firebase-auth:24.0.1] AndroidManifest.xml:49:13-46
230            android:exported="true"
230-->[com.google.firebase:firebase-auth:24.0.1] AndroidManifest.xml:50:13-36
231            android:launchMode="singleTask"
231-->[com.google.firebase:firebase-auth:24.0.1] AndroidManifest.xml:51:13-44
232            android:theme="@android:style/Theme.Translucent.NoTitleBar" >
232-->[com.google.firebase:firebase-auth:24.0.1] AndroidManifest.xml:52:13-72
233            <intent-filter>
233-->[com.google.firebase:firebase-auth:24.0.1] AndroidManifest.xml:53:13-63:29
234                <action android:name="android.intent.action.VIEW" />
234-->[com.stripe:link:20.44.2] AndroidManifest.xml:21:17-69
234-->[com.stripe:link:20.44.2] AndroidManifest.xml:21:25-66
235
236                <category android:name="android.intent.category.DEFAULT" />
236-->[com.stripe:link:20.44.2] AndroidManifest.xml:23:17-76
236-->[com.stripe:link:20.44.2] AndroidManifest.xml:23:27-73
237                <category android:name="android.intent.category.BROWSABLE" />
237-->[com.stripe:link:20.44.2] AndroidManifest.xml:24:17-78
237-->[com.stripe:link:20.44.2] AndroidManifest.xml:24:27-75
238
239                <data
239-->[com.stripe:link:20.44.2] AndroidManifest.xml:26:17-29:51
240                    android:host="firebase.auth"
240-->[com.stripe:link:20.44.2] AndroidManifest.xml:27:21-44
241                    android:path="/"
241-->[com.stripe:link:20.44.2] AndroidManifest.xml:28:21-53
242                    android:scheme="recaptcha" />
242-->[com.stripe:link:20.44.2] AndroidManifest.xml:29:21-48
243            </intent-filter>
244        </activity>
245
246        <service
246-->[com.google.firebase:firebase-auth:24.0.1] AndroidManifest.xml:66:9-72:19
247            android:name="com.google.firebase.components.ComponentDiscoveryService"
247-->[com.google.firebase:firebase-auth:24.0.1] AndroidManifest.xml:67:13-84
248            android:directBootAware="true"
248-->[com.google.firebase:firebase-common:22.0.0] AndroidManifest.xml:32:13-43
249            android:exported="false" >
249-->[com.google.firebase:firebase-auth:24.0.1] AndroidManifest.xml:68:13-37
250            <meta-data
250-->[com.google.firebase:firebase-auth:24.0.1] AndroidManifest.xml:69:13-71:85
251                android:name="com.google.firebase.components:com.google.firebase.auth.FirebaseAuthRegistrar"
251-->[com.google.firebase:firebase-auth:24.0.1] AndroidManifest.xml:70:17-109
252                android:value="com.google.firebase.components.ComponentRegistrar" />
252-->[com.google.firebase:firebase-auth:24.0.1] AndroidManifest.xml:71:17-82
253            <meta-data
253-->[com.google.firebase:firebase-firestore:26.0.0] AndroidManifest.xml:17:13-19:85
254                android:name="com.google.firebase.components:com.google.firebase.firestore.FirebaseFirestoreKtxRegistrar"
254-->[com.google.firebase:firebase-firestore:26.0.0] AndroidManifest.xml:18:17-122
255                android:value="com.google.firebase.components.ComponentRegistrar" />
255-->[com.google.firebase:firebase-firestore:26.0.0] AndroidManifest.xml:19:17-82
256            <meta-data
256-->[com.google.firebase:firebase-firestore:26.0.0] AndroidManifest.xml:20:13-22:85
257                android:name="com.google.firebase.components:com.google.firebase.firestore.FirestoreRegistrar"
257-->[com.google.firebase:firebase-firestore:26.0.0] AndroidManifest.xml:21:17-111
258                android:value="com.google.firebase.components.ComponentRegistrar" />
258-->[com.google.firebase:firebase-firestore:26.0.0] AndroidManifest.xml:22:17-82
259            <meta-data
259-->[com.google.firebase:firebase-messaging:25.0.0] AndroidManifest.xml:57:13-59:85
260                android:name="com.google.firebase.components:com.google.firebase.messaging.FirebaseMessagingKtxRegistrar"
260-->[com.google.firebase:firebase-messaging:25.0.0] AndroidManifest.xml:58:17-122
261                android:value="com.google.firebase.components.ComponentRegistrar" />
261-->[com.google.firebase:firebase-messaging:25.0.0] AndroidManifest.xml:59:17-82
262            <meta-data
262-->[com.google.firebase:firebase-messaging:25.0.0] AndroidManifest.xml:60:13-62:85
263                android:name="com.google.firebase.components:com.google.firebase.messaging.FirebaseMessagingRegistrar"
263-->[com.google.firebase:firebase-messaging:25.0.0] AndroidManifest.xml:61:17-119